{
  "0 debug pnpm:scope": {
    "selected": 1
  },
  "1 error pnpm": {
    "message": {
      "errno": 1,
      "code": "ELIFECYCLE",
      "pkgid": "using-preact@1.0.0",
      "stage": "start",
      "script": "next start",
      "pkgname": "using-preact"
    },
    "err": {
      "name": "Error",
      "message": "using-preact@1.0.0 start: `next start`\nExit status 1",
      "code": "ELIFECYCLE",
      "stack": "Error: using-preact@1.0.0 start: `next start`\nExit status 1\n    at EventEmitter.<anonymous> (/home/v1rtl/.local/pnpm/pnpm-global/3/node_modules/.pnpm/registry.npmjs.org/pnpm/4.13.0/node_modules/pnpm/lib/node_modules/@zkochan/npm-lifecycle/index.js:302:16)\n    at EventEmitter.emit (events.js:315:20)\n    at ChildProcess.<anonymous> (/home/v1rtl/.local/pnpm/pnpm-global/3/node_modules/.pnpm/registry.npmjs.org/pnpm/4.13.0/node_modules/pnpm/lib/node_modules/@zkochan/npm-lifecycle/lib/spawn.js:55:14)\n    at ChildProcess.emit (events.js:315:20)\n    at maybeClose (internal/child_process.js:1026:16)\n    at Process.ChildProcess._handle.onexit (internal/child_process.js:286:5)"
    }
  }
}